SF:lib\domain\usecases\search_movies.dart
DA:10,1
DA:12,1
DA:13,2
LF:3
LH:3
end_of_record
SF:lib\domain\usecases\search_on_tv.dart
DA:9,1
DA:11,1
DA:12,2
LF:3
LH:3
end_of_record
SF:lib\presentation\cubit\search\search_cubit.dart
DA:9,3
DA:11,1
DA:12,2
DA:14,3
DA:15,1
DA:16,1
DA:17,3
DA:19,1
DA:20,2
DA:25,1
DA:26,2
DA:28,3
DA:29,1
DA:30,1
DA:31,3
DA:33,1
DA:34,2
LF:17
LH:17
end_of_record
SF:lib\presentation\cubit\search\search_state.dart
DA:8,1
DA:9,1
DA:13,1
DA:14,1
DA:20,2
DA:22,1
DA:23,2
DA:29,2
DA:30,1
DA:31,2
DA:37,2
DA:38,1
DA:39,2
LF:13
LH:13
end_of_record
SF:lib\presentation\pages\search_page.dart
DA:11,1
DA:12,1
DA:13,1
DA:17,1
DA:19,1
DA:20,1
DA:21,1
DA:22,7
DA:24,1
DA:26,1
DA:28,1
DA:29,1
DA:30,0
DA:31,0
DA:32,0
DA:33,0
DA:34,0
DA:35,0
DA:36,0
DA:47,1
DA:49,1
DA:51,3
DA:52,1
DA:53,1
DA:54,1
DA:60,1
DA:61,1
DA:62,1
DA:63,0
DA:64,0
DA:73,1
DA:74,1
DA:76,1
DA:77,1
DA:78,1
DA:79,3
DA:81,1
DA:85,0
DA:86,0
DA:93,3
DA:94,1
DA:95,1
DA:96,1
DA:102,1
DA:103,1
DA:104,1
DA:105,1
DA:106,1
DA:115,1
DA:116,1
DA:118,1
DA:119,1
DA:120,1
DA:121,3
DA:123,1
DA:127,1
DA:128,1
DA:136,0
LF:58
LH:46
end_of_record
