SF:lib\domain\get_watchlist_status.dart
DA:7,1
DA:9,1
DA:10,2
LF:3
LH:3
end_of_record
SF:lib\domain\get_watchlist.dart
DA:9,1
DA:11,1
DA:12,2
LF:3
LH:3
end_of_record
SF:lib\domain\remove_watchlist.dart
DA:9,1
DA:11,1
DA:12,2
LF:3
LH:3
end_of_record
SF:lib\domain\save_watchlist.dart
DA:9,1
DA:11,1
DA:12,2
LF:3
LH:3
end_of_record
SF:lib\presentation\cubic\watch\watch_cubit.dart
DA:17,1
DA:19,2
DA:22,1
DA:23,4
DA:25,2
DA:26,1
DA:27,3
DA:29,1
DA:30,2
DA:34,1
DA:35,4
DA:37,2
DA:38,1
DA:39,3
DA:41,1
DA:42,2
DA:47,1
DA:48,4
DA:50,2
DA:51,1
DA:52,3
DA:54,1
DA:55,2
DA:59,1
DA:60,4
DA:62,2
DA:63,1
DA:64,3
DA:66,1
DA:67,2
DA:71,1
DA:72,3
DA:73,2
LF:33
LH:33
end_of_record
SF:lib\presentation\cubic\watch\watch_state.dart
DA:8,1
DA:9,1
DA:13,0
DA:14,0
DA:21,1
DA:23,1
DA:24,2
DA:32,0
DA:34,0
DA:35,0
DA:45,1
DA:47,1
DA:48,2
DA:55,1
DA:57,1
DA:58,2
LF:16
LH:11
end_of_record
SF:lib\presentation\cubic\watch_list\watch_list_cubit.dart
DA:8,3
DA:10,1
DA:11,2
DA:12,3
DA:13,1
DA:14,1
DA:15,3
DA:17,1
DA:18,5
LF:9
LH:9
end_of_record
SF:lib\presentation\cubic\watch_list\watch_list_state.dart
DA:8,1
DA:9,1
DA:13,1
DA:14,1
DA:21,2
DA:23,1
DA:24,2
DA:32,2
DA:34,1
DA:35,2
LF:10
LH:10
end_of_record
SF:lib\presentation\provider\watchlist_movie_notifier.dart
DA:8,2
DA:11,2
DA:14,2
DA:18,1
DA:20,1
DA:21,1
DA:22,1
DA:23,3
DA:24,1
DA:25,1
DA:26,1
DA:27,2
DA:28,1
DA:30,1
DA:31,1
DA:32,4
DA:33,1
LF:17
LH:17
end_of_record
SF:lib\presentation\pages\watchlist_movies_page.dart
DA:11,1
DA:13,1
DA:14,1
DA:19,1
DA:21,1
DA:22,2
DA:23,3
DA:26,1
DA:28,1
DA:29,4
DA:32,0
DA:34,0
DA:37,1
DA:39,1
DA:40,1
DA:43,1
DA:45,1
DA:46,1
DA:47,1
DA:51,1
DA:52,2
DA:53,1
DA:54,1
DA:67,1
DA:68,1
DA:69,2
DA:70,2
DA:71,1
DA:72,1
DA:73,3
DA:75,0
DA:76,0
DA:79,2
DA:81,1
DA:82,1
DA:84,2
DA:87,0
DA:95,1
DA:97,2
DA:98,1
LF:40
LH:35
end_of_record
