SF:lib\domain\get_movie_detail.dart
DA:10,1
DA:12,1
DA:13,2
LF:3
LH:3
end_of_record
SF:lib\domain\get_movie_recommendations.dart
DA:9,1
DA:11,1
DA:12,2
LF:3
LH:3
end_of_record
SF:lib\domain\get_now_playing_movies.dart
DA:10,1
DA:12,1
DA:13,2
LF:3
LH:3
end_of_record
SF:lib\domain\get_popular_movies.dart
DA:9,1
DA:11,1
DA:12,2
LF:3
LH:3
end_of_record
SF:lib\domain\get_top_rated_movies.dart
DA:10,1
DA:12,1
DA:13,2
LF:3
LH:3
end_of_record
SF:lib\movie.dart
DA:6,2
LF:1
LH:1
end_of_record
SF:lib\presentation\cubit\movie_detail\movie_detail_cubit.dart
DA:10,1
DA:12,2
DA:14,1
DA:15,2
DA:16,3
DA:17,1
DA:18,1
DA:19,3
DA:21,1
DA:22,2
LF:10
LH:10
end_of_record
SF:lib\presentation\cubit\movie_detail\movie_detail_state.dart
DA:9,3
DA:11,1
DA:12,1
DA:19,2
DA:21,1
DA:22,2
DA:27,2
DA:29,1
DA:30,2
LF:9
LH:9
end_of_record
SF:lib\presentation\cubit\movie_recommendation\movie_recommendation_cubit.dart
DA:8,1
DA:9,2
DA:11,1
DA:12,2
DA:13,3
DA:14,1
DA:15,1
DA:16,3
DA:18,1
DA:19,2
LF:10
LH:10
end_of_record
SF:lib\presentation\cubit\movie_recommendation\movie_recommendation_state.dart
DA:9,1
DA:10,1
DA:14,1
DA:15,1
DA:22,1
DA:24,1
DA:25,2
DA:32,2
DA:34,1
DA:35,2
LF:10
LH:10
end_of_record
SF:lib\presentation\cubit\now_playing_movie\now_playing_movie_cubit.dart
DA:8,1
DA:9,2
DA:11,1
DA:12,2
DA:14,3
DA:15,1
DA:16,1
DA:17,3
DA:19,1
DA:20,2
LF:10
LH:10
end_of_record
SF:lib\presentation\cubit\now_playing_movie\now_playing_movie_state.dart
DA:9,2
DA:10,1
DA:11,2
DA:15,1
DA:16,1
DA:22,2
DA:24,1
DA:25,2
DA:30,1
DA:32,1
DA:33,1
LF:11
LH:11
end_of_record
SF:lib\presentation\cubit\popular_movie\popular_movie_cubit.dart
DA:7,3
DA:9,1
DA:10,2
DA:12,3
DA:14,1
DA:15,1
DA:16,3
DA:18,1
DA:19,2
LF:9
LH:9
end_of_record
SF:lib\presentation\cubit\popular_movie\popular_movie_state.dart
DA:9,1
DA:10,1
DA:17,3
DA:19,1
DA:20,2
DA:25,1
DA:27,1
DA:28,1
DA:34,3
DA:36,1
DA:37,2
LF:11
LH:11
end_of_record
SF:lib\presentation\cubit\top_rated_movie\top_rated_movie_cubit.dart
DA:9,1
DA:10,2
DA:12,1
DA:13,2
DA:15,3
DA:17,1
DA:18,1
DA:19,3
DA:21,1
DA:22,2
LF:10
LH:10
end_of_record
SF:lib\presentation\cubit\top_rated_movie\top_rated_movie_state.dart
DA:7,1
DA:8,1
DA:14,3
DA:16,1
DA:17,2
DA:23,3
DA:25,1
DA:26,2
DA:30,1
DA:32,1
DA:33,1
LF:11
LH:11
end_of_record
SF:lib\presentation\pages\home_movie_page.dart
DA:14,1
DA:16,1
DA:17,1
DA:21,1
DA:23,1
DA:24,2
DA:25,2
DA:26,1
DA:27,2
DA:28,1
DA:29,2
DA:30,1
DA:34,1
DA:36,1
DA:37,1
DA:38,1
DA:39,1
DA:47,1
DA:50,0
DA:51,0
DA:54,1
DA:57,0
DA:58,0
DA:61,1
DA:64,0
DA:65,0
DA:68,1
DA:69,0
DA:70,0
DA:78,1
DA:80,1
DA:81,1
DA:82,0
DA:83,0
DA:90,1
DA:92,1
DA:93,1
DA:95,1
DA:96,1
DA:98,1
DA:100,1
DA:101,1
DA:102,1
DA:106,1
DA:107,2
DA:108,1
DA:111,0
DA:114,1
DA:116,0
DA:117,0
DA:119,1
DA:120,1
DA:121,1
DA:125,1
DA:126,2
DA:131,1
DA:133,0
DA:134,0
DA:136,1
DA:137,1
DA:138,1
DA:142,1
DA:143,2
DA:155,1
DA:156,1
DA:158,1
DA:159,1
DA:161,1
DA:163,1
DA:165,1
DA:167,1
DA:180,2
DA:182,1
DA:184,1
DA:186,1
DA:188,1
DA:189,2
DA:190,1
DA:192,1
DA:193,0
DA:194,0
DA:197,0
DA:200,1
DA:202,1
DA:203,2
DA:204,1
DA:207,0
DA:213,2
LF:88
LH:69
end_of_record
SF:lib\presentation\pages\movie_detail_page.dart
DA:20,1
DA:22,1
DA:23,1
DA:27,1
DA:29,1
DA:30,2
DA:31,2
DA:32,3
DA:33,2
DA:34,3
DA:35,2
DA:36,3
DA:40,1
DA:42,1
DA:43,1
DA:44,1
DA:45,1
DA:49,1
DA:50,1
DA:51,1
DA:52,1
DA:54,0
DA:55,0
DA:57,0
DA:68,2
DA:70,1
DA:72,3
DA:73,1
DA:74,1
DA:75,1
DA:76,3
DA:78,1
DA:81,0
DA:83,1
DA:85,1
DA:86,1
DA:87,1
DA:97,1
DA:98,1
DA:99,1
DA:101,1
DA:103,1
DA:105,1
DA:106,1
DA:107,2
DA:108,1
DA:110,1
DA:111,1
DA:112,1
DA:113,1
DA:114,2
DA:115,2
DA:116,1
DA:117,1
DA:119,1
DA:120,1
DA:121,2
DA:125,1
DA:127,1
DA:128,3
DA:129,1
DA:130,1
DA:132,1
DA:133,1
DA:136,0
DA:137,0
DA:139,1
DA:140,2
DA:142,1
DA:144,1
DA:153,1
DA:154,3
DA:156,1
DA:157,3
DA:159,1
DA:160,1
DA:161,1
DA:162,3
DA:164,1
DA:170,4
DA:174,1
DA:176,1
DA:178,1
DA:179,2
DA:182,1
DA:184,1
DA:186,1
DA:188,1
DA:189,1
DA:193,1
DA:194,0
DA:195,1
DA:196,1
DA:198,1
DA:200,0
DA:202,0
DA:203,0
DA:205,0
DA:206,0
DA:207,0
DA:210,0
DA:213,0
DA:217,0
DA:218,0
DA:220,0
DA:221,0
DA:227,0
DA:234,2
DA:238,1
DA:248,1
DA:250,1
DA:265,1
DA:267,1
DA:270,1
DA:272,0
DA:273,0
DA:282,1
DA:284,2
DA:285,3
DA:288,1
DA:292,3
DA:295,1
DA:296,1
DA:297,1
DA:299,1
DA:300,1
DA:302,0
LF:127
LH:104
end_of_record
SF:lib\presentation\provider\movie_detail_notifier.dart
DA:22,1
DA:31,2
DA:34,2
DA:37,2
DA:40,2
DA:43,2
DA:46,2
DA:48,1
DA:49,1
DA:50,1
DA:51,3
DA:52,3
DA:53,1
DA:54,1
DA:55,1
DA:56,2
DA:57,1
DA:59,1
DA:60,1
DA:61,1
DA:62,1
DA:63,1
DA:64,1
DA:65,1
DA:66,2
DA:68,1
DA:69,1
DA:70,1
DA:73,1
DA:74,1
DA:80,2
DA:82,1
DA:83,4
DA:85,2
DA:86,1
DA:87,2
DA:89,1
DA:90,1
DA:94,3
DA:97,1
DA:98,4
DA:100,2
DA:101,1
DA:102,2
DA:104,1
DA:105,1
DA:109,3
DA:112,1
DA:113,3
DA:114,1
DA:115,1
LF:51
LH:51
end_of_record
SF:lib\presentation\pages\popular_movies_page.dart
DA:9,1
DA:13,1
DA:14,1
DA:18,1
DA:20,1
DA:21,2
DA:22,2
DA:23,1
DA:26,1
DA:28,1
DA:29,1
DA:32,1
DA:34,1
DA:35,1
DA:36,1
DA:40,1
DA:41,1
DA:42,1
DA:43,2
DA:44,4
DA:46,2
DA:48,1
DA:49,1
DA:51,2
DA:54,0
LF:25
LH:24
end_of_record
SF:lib\presentation\provider\movie_list_notifier.dart
DA:10,2
DA:13,2
DA:16,2
DA:19,2
DA:22,2
DA:25,2
DA:28,2
DA:30,1
DA:40,1
DA:41,1
DA:42,1
DA:44,3
DA:45,1
DA:46,1
DA:47,1
DA:48,2
DA:49,1
DA:51,1
DA:52,1
DA:53,1
DA:54,1
DA:59,1
DA:60,1
DA:61,1
DA:63,3
DA:64,1
DA:65,1
DA:66,1
DA:67,2
DA:68,1
DA:70,1
DA:71,1
DA:72,1
DA:73,1
DA:78,1
DA:79,1
DA:80,1
DA:82,3
DA:83,1
DA:84,1
DA:85,1
DA:86,2
DA:87,1
DA:89,1
DA:90,1
DA:91,1
DA:92,1
LF:47
LH:47
end_of_record
SF:lib\presentation\provider\movie_search_notifier.dart
DA:9,1
DA:12,2
DA:15,2
DA:18,2
DA:20,1
DA:21,1
DA:22,1
DA:24,3
DA:25,1
DA:26,1
DA:27,2
DA:28,1
DA:29,1
DA:31,1
DA:32,1
DA:33,1
DA:34,1
LF:17
LH:17
end_of_record
SF:lib\presentation\pages\top_rated_movies_page.dart
DA:9,1
DA:10,1
DA:14,1
DA:16,1
DA:18,2
DA:19,2
DA:20,1
DA:23,1
DA:25,1
DA:26,1
DA:29,1
DA:31,1
DA:32,1
DA:33,1
DA:37,1
DA:38,1
DA:39,1
DA:40,2
DA:41,4
DA:43,2
DA:45,1
DA:46,1
DA:48,2
DA:51,0
LF:24
LH:23
end_of_record
SF:lib\presentation\provider\popular_movies_notifier.dart
DA:9,1
DA:12,2
DA:15,2
DA:18,2
DA:20,1
DA:21,1
DA:22,1
DA:24,3
DA:26,1
DA:27,1
DA:28,2
DA:29,1
DA:30,1
DA:32,1
DA:33,1
DA:34,1
DA:35,1
LF:17
LH:17
end_of_record
SF:lib\presentation\provider\top_rated_movies_notifier.dart
DA:9,1
DA:12,2
DA:15,2
DA:18,2
DA:20,1
DA:21,1
DA:22,1
DA:24,3
DA:26,1
DA:27,1
DA:28,2
DA:29,1
DA:30,1
DA:32,1
DA:33,1
DA:34,1
DA:35,1
LF:17
LH:17
end_of_record
