SF:lib\domain\get_watchlist_status.dart
DA:7,1
DA:9,1
DA:10,2
LF:3
LH:3
end_of_record
SF:lib\domain\get_watchlist.dart
DA:9,1
DA:11,1
DA:12,2
LF:3
LH:3
end_of_record
SF:lib\domain\remove_watchlist.dart
DA:9,1
DA:11,1
DA:12,2
LF:3
LH:3
end_of_record
SF:lib\domain\save_watchlist.dart
DA:9,1
DA:11,1
DA:12,2
LF:3
LH:3
end_of_record
SF:lib\presentation\cubic\watch\watch_cubit.dart
DA:19,1
DA:21,2
DA:23,1
DA:24,2
DA:25,3
DA:26,1
DA:27,1
DA:28,3
DA:30,1
DA:31,5
DA:38,1
DA:39,4
DA:41,2
DA:42,1
DA:43,3
DA:45,1
DA:46,2
DA:50,1
DA:51,4
DA:53,2
DA:54,1
DA:55,3
DA:57,1
DA:58,2
DA:63,1
DA:64,4
DA:66,2
DA:67,1
DA:68,3
DA:70,1
DA:71,2
DA:75,1
DA:76,4
DA:78,2
DA:79,1
DA:80,3
DA:82,1
DA:83,2
DA:87,1
DA:88,3
DA:89,2
LF:41
LH:41
end_of_record
SF:lib\presentation\cubic\watch\watch_state.dart
DA:8,1
DA:9,1
DA:13,1
DA:14,1
DA:21,2
DA:23,1
DA:24,2
DA:32,2
DA:34,1
DA:35,2
DA:45,1
DA:47,1
DA:48,2
DA:55,1
DA:57,1
DA:58,2
LF:16
LH:16
end_of_record
SF:lib\presentation\provider\watchlist_movie_notifier.dart
DA:8,2
DA:11,2
DA:14,2
DA:18,1
DA:20,1
DA:21,1
DA:22,1
DA:23,3
DA:24,1
DA:25,1
DA:26,1
DA:27,2
DA:28,1
DA:30,1
DA:31,1
DA:32,4
DA:33,1
LF:17
LH:17
end_of_record
SF:lib\presentation\pages\watchlist_movies_page.dart
DA:11,1
DA:13,1
DA:14,1
DA:19,1
DA:21,1
DA:22,2
DA:23,3
DA:26,1
DA:28,1
DA:29,4
DA:32,0
DA:34,0
DA:37,1
DA:39,1
DA:40,1
DA:43,1
DA:45,1
DA:46,1
DA:47,1
DA:51,1
DA:52,2
DA:53,1
DA:54,1
DA:67,1
DA:68,1
DA:69,2
DA:70,2
DA:71,1
DA:72,1
DA:73,3
DA:75,0
DA:76,0
DA:79,2
DA:81,1
DA:82,1
DA:84,2
DA:87,0
DA:95,1
DA:97,2
DA:98,1
LF:40
LH:35
end_of_record
