SF:lib\domain\usecases\get_episode_tv.dart
DA:10,1
DA:12,1
DA:13,2
LF:3
LH:3
end_of_record
SF:lib\domain\usecases\get_now_playing_on_tv.dart
DA:9,1
DA:11,1
DA:12,2
LF:3
LH:3
end_of_record
SF:lib\domain\usecases\get_popular_on_tv.dart
DA:9,1
DA:11,1
DA:12,2
LF:3
LH:3
end_of_record
SF:lib\domain\usecases\get_top_rated_on_tv.dart
DA:9,1
DA:11,1
DA:12,2
LF:3
LH:3
end_of_record
SF:lib\domain\usecases\get_tv_detail.dart
DA:9,1
DA:11,1
DA:12,2
LF:3
LH:3
end_of_record
SF:lib\domain\usecases\get_tv_recommendation.dart
DA:9,1
DA:11,1
DA:12,2
LF:3
LH:3
end_of_record
SF:lib\presentation\cubit\on_air_tv\on_air_tv_cubit.dart
DA:10,3
DA:12,1
DA:13,2
DA:14,3
DA:16,1
DA:17,1
DA:18,3
DA:20,1
DA:21,2
LF:9
LH:9
end_of_record
SF:lib\presentation\cubit\on_air_tv\on_air_tv_state.dart
DA:10,1
DA:11,1
DA:15,1
DA:16,1
DA:23,3
DA:24,1
DA:25,2
DA:32,3
DA:34,1
DA:35,2
LF:10
LH:10
end_of_record
SF:lib\presentation\cubit\popular_tv\popular_tv_cubit.dart
DA:9,3
DA:10,1
DA:11,2
DA:13,3
DA:15,1
DA:16,1
DA:17,3
DA:19,1
DA:20,2
LF:9
LH:9
end_of_record
SF:lib\presentation\cubit\popular_tv\popular_tv_state.dart
DA:7,1
DA:8,1
DA:14,3
DA:16,1
DA:17,2
DA:23,3
DA:25,1
DA:26,2
DA:30,1
DA:32,1
DA:33,1
LF:11
LH:11
end_of_record
SF:lib\presentation\cubit\top_rated_tv\top_rated_tv_cubit.dart
DA:7,3
DA:9,1
DA:10,2
DA:11,3
DA:13,1
DA:14,1
DA:15,3
DA:17,1
DA:18,2
LF:9
LH:9
end_of_record
SF:lib\presentation\cubit\top_rated_tv\top_rated_tv_state.dart
DA:7,1
DA:8,1
DA:14,2
DA:16,1
DA:17,2
DA:23,2
DA:25,1
DA:26,2
DA:30,1
DA:32,1
DA:33,1
LF:11
LH:11
end_of_record
SF:lib\presentation\cubit\tv_detail\tv_detail_cubit.dart
DA:8,1
DA:9,2
DA:11,1
DA:12,2
DA:13,3
DA:15,1
DA:16,1
DA:17,3
DA:19,1
DA:20,2
LF:10
LH:10
end_of_record
SF:lib\presentation\cubit\tv_detail\tv_detail_state.dart
DA:9,1
DA:10,1
DA:14,1
DA:15,1
DA:22,1
DA:24,1
DA:25,2
DA:32,2
DA:34,1
DA:35,2
LF:10
LH:10
end_of_record
SF:lib\presentation\cubit\tv_recommendation\tv_recommendation_cubit.dart
DA:9,1
DA:10,2
DA:12,1
DA:13,2
DA:14,3
DA:16,1
DA:17,1
DA:18,3
DA:20,1
DA:21,2
LF:10
LH:10
end_of_record
SF:lib\presentation\cubit\tv_recommendation\tv_recommendation_state.dart
DA:10,1
DA:11,1
DA:15,1
DA:16,1
DA:23,1
DA:25,1
DA:26,2
DA:32,2
DA:33,1
DA:34,2
LF:10
LH:10
end_of_record
SF:lib\presentation\cubit\tv_season\tv_season_cubit.dart
DA:8,3
DA:10,1
DA:12,3
DA:13,2
DA:14,1
DA:15,1
DA:16,3
DA:18,1
DA:19,2
LF:9
LH:9
end_of_record
SF:lib\presentation\cubit\tv_season\tv_season_state.dart
DA:7,1
DA:8,1
DA:12,1
DA:13,1
DA:19,2
DA:20,4
DA:23,1
DA:24,2
DA:30,1
DA:32,1
DA:33,2
LF:11
LH:11
end_of_record
SF:lib\presentation\pages\on_air_tv_page.dart
DA:8,1
DA:10,1
DA:11,1
DA:15,1
DA:18,1
DA:19,2
DA:20,3
DA:23,1
DA:25,1
DA:26,1
DA:29,1
DA:31,1
DA:32,1
DA:33,1
DA:37,1
DA:38,1
DA:39,1
DA:40,2
DA:41,4
DA:43,2
DA:45,1
DA:46,1
DA:48,2
DA:51,0
LF:24
LH:23
end_of_record
SF:lib\presentation\provider\on_air_tv_notifier.dart
DA:9,1
DA:13,2
DA:17,2
DA:21,2
DA:23,1
DA:24,1
DA:25,1
DA:27,3
DA:29,1
DA:30,1
DA:31,2
DA:32,1
DA:33,1
DA:35,1
DA:36,1
DA:37,1
DA:38,1
LF:17
LH:17
end_of_record
SF:lib\presentation\pages\popular_tv_page.dart
DA:9,1
DA:11,1
DA:12,1
DA:16,1
DA:18,1
DA:19,2
DA:20,2
DA:21,1
DA:24,1
DA:26,1
DA:27,1
DA:30,1
DA:32,1
DA:33,1
DA:34,1
DA:38,1
DA:39,1
DA:40,1
DA:41,2
DA:42,4
DA:44,2
DA:46,1
DA:47,1
DA:49,2
DA:52,0
LF:25
LH:24
end_of_record
SF:lib\presentation\provider\popular_tv_notifier.dart
DA:9,1
DA:12,2
DA:15,2
DA:18,2
DA:20,1
DA:21,1
DA:22,1
DA:24,3
DA:26,1
DA:27,1
DA:28,2
DA:29,1
DA:30,1
DA:32,1
DA:33,1
DA:34,1
DA:35,1
LF:17
LH:17
end_of_record
SF:lib\presentation\pages\tv_series_page.dart
DA:15,1
DA:17,1
DA:18,1
DA:22,1
DA:25,1
DA:26,2
DA:27,3
DA:28,2
DA:29,1
DA:30,2
DA:31,1
DA:35,1
DA:37,1
DA:38,1
DA:40,1
DA:41,1
DA:42,0
DA:43,0
DA:50,1
DA:52,1
DA:53,1
DA:55,1
DA:56,1
DA:58,0
DA:59,0
DA:61,2
DA:62,1
DA:66,1
DA:67,2
DA:72,1
DA:74,0
DA:75,0
DA:77,2
DA:79,1
DA:83,1
DA:84,2
DA:89,1
DA:91,0
DA:92,0
DA:94,2
DA:96,1
DA:100,1
DA:101,2
DA:113,1
DA:114,1
DA:116,1
DA:117,1
DA:119,1
DA:121,1
DA:123,1
DA:125,1
DA:138,1
DA:140,1
DA:142,1
DA:144,1
DA:146,1
DA:147,2
DA:148,1
DA:150,1
DA:151,0
DA:152,0
DA:155,0
DA:158,1
DA:160,1
DA:161,2
DA:162,1
DA:165,0
DA:171,2
LF:68
LH:56
end_of_record
SF:lib\presentation\pages\tv_detail_page.dart
DA:19,1
DA:21,1
DA:22,1
DA:26,1
DA:28,1
DA:29,2
DA:30,2
DA:31,3
DA:32,2
DA:33,3
DA:34,2
DA:35,3
DA:42,1
DA:44,1
DA:45,1
DA:46,1
DA:47,1
DA:51,1
DA:52,1
DA:54,1
DA:55,1
DA:57,0
DA:58,0
DA:60,0
DA:71,2
DA:73,1
DA:75,3
DA:77,1
DA:78,1
DA:79,1
DA:80,3
DA:82,1
DA:85,0
DA:87,1
DA:89,1
DA:90,1
DA:91,1
DA:101,1
DA:102,1
DA:103,1
DA:105,1
DA:107,1
DA:109,1
DA:110,1
DA:111,2
DA:112,1
DA:114,1
DA:115,1
DA:116,1
DA:117,1
DA:118,2
DA:119,2
DA:120,1
DA:121,1
DA:123,1
DA:124,1
DA:125,2
DA:129,1
DA:131,1
DA:132,3
DA:134,1
DA:135,1
DA:137,1
DA:138,1
DA:141,0
DA:142,0
DA:144,1
DA:145,2
DA:147,1
DA:149,1
DA:158,1
DA:159,3
DA:161,1
DA:162,1
DA:163,1
DA:164,3
DA:166,1
DA:172,4
DA:175,1
DA:176,3
DA:177,2
DA:179,1
DA:181,1
DA:182,1
DA:184,1
DA:185,2
DA:186,4
DA:187,1
DA:188,3
DA:189,1
DA:190,0
DA:192,0
DA:193,0
DA:195,0
DA:196,0
DA:197,0
DA:198,0
DA:199,0
DA:211,1
DA:213,1
DA:214,1
DA:215,1
DA:217,1
DA:218,2
DA:219,2
DA:222,1
DA:223,1
DA:224,1
DA:225,2
DA:226,1
DA:229,1
DA:231,1
DA:232,1
DA:234,1
DA:238,0
DA:240,0
DA:241,0
DA:242,0
DA:243,0
DA:247,0
DA:248,0
DA:256,0
DA:264,0
DA:267,0
DA:268,0
DA:269,0
DA:270,0
DA:273,0
DA:275,0
DA:277,0
DA:278,0
DA:279,0
DA:280,0
DA:283,0
DA:284,0
DA:294,2
DA:295,1
DA:296,0
DA:297,1
DA:301,0
DA:314,1
DA:316,1
DA:318,1
DA:319,2
DA:322,1
DA:324,1
DA:326,1
DA:328,1
DA:329,1
DA:333,1
DA:334,0
DA:335,1
DA:336,1
DA:338,1
DA:340,0
DA:341,0
DA:342,0
DA:344,0
DA:345,0
DA:346,0
DA:349,0
DA:352,0
DA:356,0
DA:358,0
DA:359,0
DA:365,0
DA:372,2
DA:376,1
DA:386,1
DA:388,1
DA:403,1
DA:405,1
DA:408,1
DA:410,0
DA:411,0
DA:420,1
DA:422,2
DA:423,3
DA:426,1
DA:430,3
LF:180
LH:128
end_of_record
SF:lib\presentation\provider\top_rated_tv_notifier.dart
DA:9,1
DA:12,2
DA:15,2
DA:18,2
DA:20,1
DA:21,1
DA:22,1
DA:24,3
DA:26,1
DA:27,1
DA:28,2
DA:29,1
DA:30,1
DA:32,1
DA:33,1
DA:34,1
DA:35,1
LF:17
LH:17
end_of_record
SF:lib\presentation\provider\tv_detail_notifier.dart
DA:24,1
DA:33,2
DA:36,0
DA:39,0
DA:41,2
DA:43,2
DA:46,0
DA:49,2
DA:52,2
DA:54,1
DA:55,1
DA:56,1
DA:57,3
DA:58,3
DA:59,1
DA:60,1
DA:61,1
DA:62,2
DA:63,1
DA:65,1
DA:66,1
DA:67,1
DA:68,1
DA:69,2
DA:70,2
DA:71,7
DA:73,1
DA:74,0
DA:75,0
DA:76,0
DA:78,1
DA:79,1
DA:80,1
DA:83,1
DA:84,1
DA:89,1
DA:91,3
DA:92,1
DA:93,1
DA:94,1
DA:95,1
DA:96,1
DA:97,2
DA:98,1
DA:100,1
DA:101,2
DA:102,1
DA:103,1
DA:109,2
DA:111,1
DA:112,4
DA:114,2
DA:115,1
DA:116,2
DA:118,1
DA:119,1
DA:123,3
DA:126,1
DA:127,4
DA:129,2
DA:130,1
DA:131,2
DA:133,1
DA:134,1
DA:138,3
DA:141,1
DA:142,3
DA:143,1
DA:144,1
LF:69
LH:63
end_of_record
SF:lib\presentation\provider\tv_search_notifier.dart
DA:9,1
DA:12,2
DA:15,2
DA:18,2
DA:20,1
DA:21,1
DA:22,1
DA:24,3
DA:25,1
DA:26,1
DA:27,2
DA:28,1
DA:29,1
DA:31,1
DA:32,1
DA:33,1
DA:34,1
LF:17
LH:17
end_of_record
SF:lib\tv.dart
DA:6,2
LF:1
LH:1
end_of_record
SF:lib\presentation\provider\tv_series_list_notifier.dart
DA:12,1
DA:16,2
DA:19,2
DA:22,2
DA:25,2
DA:28,2
DA:31,2
DA:34,2
DA:37,2
DA:40,2
DA:42,1
DA:43,1
DA:44,1
DA:45,3
DA:46,1
DA:47,1
DA:48,2
DA:49,1
DA:50,1
DA:52,1
DA:53,1
DA:54,1
DA:55,1
DA:60,1
DA:61,1
DA:62,1
DA:63,3
DA:64,1
DA:65,1
DA:66,2
DA:67,1
DA:68,1
DA:70,1
DA:71,1
DA:72,1
DA:73,1
DA:78,1
DA:79,1
DA:80,1
DA:81,3
DA:82,1
DA:83,1
DA:84,2
DA:85,1
DA:86,1
DA:88,1
DA:89,1
DA:90,1
DA:91,1
LF:49
LH:49
end_of_record
